{"content": {"suites": {"0": {"status": {"total_pass": 0, "total_skip": 0, "total_xpass": 0, "total_xfail": 0, "total_rerun": 0, "total_fail": 3, "total_error": 0}, "tests": {"0": {"status": "FAIL", "message": "   selenium.common.exceptions.WebDriverException: Message: unknown error: result.webdriverValue.value list is missing or empty in Runtime.callFunctionOn response\n     (Session info: chrome=119.0.6045.124)\n", "test_name": "test_HomePageTittle", "rerun": "0"}, "1": {"status": "FAIL", "message": "   selenium.common.exceptions.WebDriverException: Message: unknown error: result.webdriverValue.value list is missing or empty in Runtime.callFunctionOn response\n     (Session info: chrome=119.0.6045.124)\n", "test_name": "test_login", "rerun": "0"}, "2": {"status": "FAIL", "message": "   selenium.common.exceptions.WebDriverException: Message: unknown error: result.webdriverValue.value list is missing or empty in Runtime.callFunctionOn response\n     (Session info: chrome=119.0.6045.124)\n", "test_name": "test_logout", "rerun": "0"}}, "suite_name": "testCases/test_login.py"}}}, "date": "November 14, 2023", "start_time": 1699948591.8457549, "total_suite": 1, "status": "FAIL", "status_list": {"pass": "0", "fail": "3", "skip": "0", "error": "0", "xpass": "0", "xfail": "0", "rerun": "0"}, "total_tests": "3"}