{"content": {"suites": {"0": {"status": {"total_pass": 0, "total_skip": 0, "total_xpass": 0, "total_xfail": 0, "total_rerun": 0, "total_fail": 2, "total_error": 0}, "tests": {"0": {"status": "FAIL", "message": "                                FileNotFoundError: [WinError 2] The system cannot find the file specified\n                   selenium.common.exceptions.WebDriverException: Message: 'chromedriver' executable needs to be in PATH. Please see https://sites.google.com/a/chromium.org/chromedriver/home\n", "test_name": "test_HomePageTittle", "rerun": "0"}, "1": {"status": "FAIL", "message": "                                FileNotFoundError: [WinError 2] The system cannot find the file specified\n                   selenium.common.exceptions.WebDriverException: Message: 'chromedriver' executable needs to be in PATH. Please see https://sites.google.com/a/chromium.org/chromedriver/home\n", "test_name": "test_login", "rerun": "0"}}, "suite_name": "testCases/test_login.py"}}}, "date": "November 06, 2023", "start_time": 1699252802.6825478, "total_suite": 1, "status": "FAIL", "status_list": {"pass": "0", "fail": "2", "skip": "0", "error": "0", "xpass": "0", "xfail": "0", "rerun": "0"}, "total_tests": "2"}